This is LuaTeX, Version beta-0.80.0 (TeX Live 2015/Debian) (rev 5238)  (format=lualatex 2018.4.22)  20 MAY 2018 19:52
 \write18 enabled.
**annexe.tex
(./annexe.tex
LaTeX2e <2016/02/01>
Babel <3.9q> and hyphenation patterns for 1 language(s) loaded.
(/usr/share/texlive/texmf-dist/tex/latex/base/book.cls
Document Class: book 2014/09/29 v1.4h Standard LaTeX document class
(/usr/share/texlive/texmf-dist/tex/latex/base/bk10.clo
File: bk10.clo 2014/09/29 v1.4h Standard LaTeX file (size option)
)
\c@part=\count79
\c@chapter=\count80
\c@section=\count81
\c@subsection=\count82
\c@subsubsection=\count83
\c@paragraph=\count84
\c@subparagraph=\count85
\c@figure=\count86
\c@table=\count87
\abovecaptionskip=\skip41
\belowcaptionskip=\skip42
\bibindent=\dimen102
) (/usr/share/texlive/texmf-dist/tex/latex/base/inputenc.sty
Package: inputenc 2015/03/17 v1.2c Input encoding file
\inpenc@prehook=\toks14
\inpenc@posthook=\toks15

Package inputenc Warning: inputenc package ignored with utf8 based engines.

) (/usr/share/texlive/texmf-dist/tex/latex/base/fontenc.sty
Package: fontenc 2005/09/27 v1.99g Standard LaTeX package
(/usr/share/texlive/texmf-dist/tex/latex/base/t1enc.def
File: t1enc.def 2005/09/27 v1.99g Standard LaTeX file
LaTeX Font Info:    Redeclaring font encoding T1 on input line 48.
)) (/usr/share/texlive/texmf-dist/tex/generic/babel/babel.sty
Package: babel 2016/02/24 3.9q The Babel package
(/usr/share/texlive/texmf-dist/tex/generic/babel/luababel.def
\l@dumylang=\language1
\l@nohyphenation=\language2
\l@greek=\language3
\l@galician=\language4
\l@latvian=\language5
\l@dutch=\language6
\l@latin=\language7
\l@polish=\language8
\l@indonesian=\language9
\l@catalan=\language10
\l@danish=\language11
\l@farsi=\language12
\l@telugu=\language13
\l@interlingua=\language14
\l@bokmal=\language15
\l@russian=\language16
\l@usenglishmax=\language17
\l@serbian=\language18
\l@ukenglish=\language19
\l@romanian=\language20
\l@mongolianlmc=\language21
\l@slovak=\language22
\l@irish=\language23
\l@marathi=\language24
\l@tamil=\language25
\l@gujarati=\language26
\l@assamese=\language27
\l@french=\language28
\l@georgian=\language29
\l@occitan=\language30
\l@basque=\language31
\l@nynorsk=\language32
\l@piedmontese=\language33
\l@monogreek=\language34
\l@italian=\language35
\l@bulgarian=\language36
\l@hungarian=\language37
\l@romansh=\language38
\l@ngerman-x-2014-05-21=\language39
\l@uppersorbian=\language40
\l@ngerman=\language41
\l@ibycus=\language42
\l@croatian=\language43
\l@mongolian=\language44
\l@panjabi=\language45
\l@kurmanji=\language46
\l@pinyin=\language47
\l@bengali=\language48
\l@ancientgreek=\language49
\l@afrikaans=\language50
\l@thai=\language51
\l@arabic=\language52
\l@turkmen=\language53
\l@slovenian=\language54
\l@turkish=\language55
\l@estonian=\language56
\l@esperanto=\language57
\l@classiclatin=\language58
\l@ethiopic=\language59
\l@malayalam=\language60
\l@icelandic=\language61
\l@hindi=\language62
\l@german-x-2014-05-21=\language63
\l@kannada=\language64
\l@coptic=\language65
\l@swissgerman=\language66
\l@lithuanian=\language67
\l@swedish=\language68
\l@serbianc=\language69
\l@german=\language70
\l@portuguese=\language71
\l@sanskrit=\language72
\l@ukrainian=\language73
\l@czech=\language74
\l@oriya=\language75
\l@finnish=\language76
\l@welsh=\language77
\l@armenian=\language78
\l@spanish=\language79
\l@friulan=\language80
) (/usr/share/texlive/texmf-dist/tex/generic/babel-french/frenchb.ldf
Language: frenchb 2016/02/13 v3.1l French support from the babel system
(/usr/share/texlive/texmf-dist/tex/generic/babel/babel.def
File: babel.def 2016/02/24 3.9q Babel common definitions
\babel@savecnt=\count88
\U@D=\dimen103
(/usr/share/texlive/texmf-dist/tex/generic/babel/luababel.def))
\l@acadian = a dialect from \language\l@french 
\l@canadien = a dialect from \language\l@french 
\FBcolonskip=\skip43
\FBthinskip=\skip44
\FB@addDPspace=\attribute1
\FB@addGUILspace=\attribute2
Package frenchb.ldf Info: No need for active punctuation characters
(frenchb.ldf)             with this version of LuaTeX!
(frenchb.ldf)             reported on input line 213.
\FBguillskip=\skip45
\FBguill@level=\count89
\FB@everypar=\toks16
\FB@Mht=\dimen104
LaTeX Info: Redefining \degres on input line 715.
\std@mcc=\count90
\dec@mcc=\count91
\listindentFB=\skip46
\labelwidthFB=\skip47
\leftmarginFB=\skip48
\parindentFFN=\dimen105
(/usr/share/texlive/texmf-dist/tex/generic/hyph-utf8/loadhyph/loadhyph-fr.tex U
TF-8 French hyphenation patterns (V2.12, 2002/12/11) (/usr/share/texlive/texmf-
dist/tex/generic/hyph-utf8/patterns/tex/hyph-fr.tex)
(/usr/share/texlive/texmf-dist/tex/generic/hyph-utf8/patterns/quote/hyph-quote-
fr.tex)))) (/usr/share/texlive/texmf-dist/tex/latex/carlisle/scalefnt.sty) (/us
r/share/texlive/texmf-dist/tex/latex/graphics/keyval.sty
Package: keyval 2014/10/28 v1.15 key=value parser (DPC)
\KV@toks@=\toks17
) (/usr/share/texlive/texmf-dist/tex/latex/amsmath/amsmath.sty
Package: amsmath 2016/03/03 v2.15a AMS math features
\@mathmargin=\skip49
For additional information on amsmath, use the `?' option.
(/usr/share/texlive/texmf-dist/tex/latex/amsmath/amstext.sty
Package: amstext 2000/06/29 v2.01 AMS text
(/usr/share/texlive/texmf-dist/tex/latex/amsmath/amsgen.sty
File: amsgen.sty 1999/11/30 v2.0 generic functions
\@emptytoks=\toks18
\ex@=\dimen106
)) (/usr/share/texlive/texmf-dist/tex/latex/amsmath/amsbsy.sty
Package: amsbsy 1999/11/29 v1.2d Bold Symbols
\pmbraise@=\dimen107
) (/usr/share/texlive/texmf-dist/tex/latex/amsmath/amsopn.sty
Package: amsopn 1999/12/14 v2.01 operator names
)
\inf@bad=\count92
LaTeX Info: Redefining \frac on input line 199.
\uproot@=\count93
\leftroot@=\count94
LaTeX Info: Redefining \overline on input line 297.
\classnum@=\count95
\DOTSCASE@=\count96
LaTeX Info: Redefining \ldots on input line 394.
LaTeX Info: Redefining \dots on input line 397.
LaTeX Info: Redefining \cdots on input line 518.
\Mathstrutbox@=\box26
\strutbox@=\box27
\big@size=\dimen108
LaTeX Font Info:    Redeclaring font encoding OML on input line 630.
LaTeX Font Info:    Redeclaring font encoding OMS on input line 631.
\macc@depth=\count97
\c@MaxMatrixCols=\count98
\dotsspace@=\muskip10
\c@parentequation=\count99
\dspbrk@lvl=\count100
\tag@help=\toks19
\row@=\count101
\column@=\count102
\maxfields@=\count103
\andhelp@=\toks20
\eqnshift@=\dimen109
\alignsep@=\dimen110
\tagshift@=\dimen111
\tagwidth@=\dimen112
\totwidth@=\dimen113
\lineht@=\dimen114
\@envbody=\toks21
\multlinegap=\skip50
\multlinetaggap=\skip51
\mathdisplay@stack=\toks22
LaTeX Info: Redefining \[ on input line 2735.
LaTeX Info: Redefining \] on input line 2736.
) (/usr/share/texlive/texmf-dist/tex/latex/amsfonts/amssymb.sty
Package: amssymb 2013/01/14 v3.01 AMS font symbols
(/usr/share/texlive/texmf-dist/tex/latex/amsfonts/amsfonts.sty
Package: amsfonts 2013/01/14 v3.01 Basic AMSFonts support
\symAMSa=\mathgroup4
\symAMSb=\mathgroup5
LaTeX Font Info:    Overwriting math alphabet `\mathfrak' in version `bold'
(Font)                  U/euf/m/n --> U/euf/b/n on input line 106.
)) (/usr/share/texlive/texmf-dist/tex/latex/graphics/graphicx.sty
Package: graphicx 2014/10/28 v1.0g Enhanced LaTeX Graphics (DPC,SPQR)
(/usr/share/texlive/texmf-dist/tex/latex/graphics/graphics.sty
Package: graphics 2016/01/03 v1.0q Standard LaTeX Graphics (DPC,SPQR)
(/usr/share/texlive/texmf-dist/tex/latex/graphics/trig.sty
Package: trig 2016/01/03 v1.10 sin cos tan (DPC)
) (/usr/share/texlive/texmf-dist/tex/latex/latexconfig/graphics.cfg
File: graphics.cfg 2010/04/23 v1.9 graphics configuration of TeX Live
)
Package graphics Info: Driver file: pdftex.def on input line 95.
(/usr/share/texlive/texmf-dist/tex/latex/pdftex-def/pdftex.def
File: pdftex.def 2011/05/27 v0.06d Graphics/color for pdfTeX
(/usr/share/texlive/texmf-dist/tex/generic/oberdiek/infwarerr.sty
Package: infwarerr 2010/04/08 v1.3 Providing info/warning/error messages (HO)
) (/usr/share/texlive/texmf-dist/tex/generic/oberdiek/ltxcmds.sty
Package: ltxcmds 2011/11/09 v1.22 LaTeX kernel commands for general use (HO)
)
\Gread@gobject=\count104
))
\Gin@req@height=\dimen115
\Gin@req@width=\dimen116
) (/usr/share/texlive/texmf-dist/tex/latex/float/float.sty
Package: float 2001/11/08 v1.3d Float enhancements (AL)
\c@float@type=\count105
\float@exts=\toks23
\float@box=\box28
\@float@everytoks=\toks24
\@floatcapt=\box29
) (/usr/share/texlive/texmf-dist/tex/latex/doublestroke/dsfont.sty
Package: dsfont 1995/08/01 v0.1 Double stroke roman fonts
) (/usr/share/texlive/texmf-dist/tex/latex/geometry/geometry.sty
Package: geometry 2010/09/12 v5.6 Page Geometry
(/usr/share/texlive/texmf-dist/tex/generic/oberdiek/ifpdf.sty
Package: ifpdf 2011/01/30 v2.3 Provides the ifpdf switch (HO)
Package ifpdf Info: pdfTeX in PDF mode is detected.
) (/usr/share/texlive/texmf-dist/tex/generic/oberdiek/ifvtex.sty
Package: ifvtex 2010/03/01 v1.5 Detect VTeX and its facilities (HO)
Package ifvtex Info: VTeX not detected.
) (/usr/share/texlive/texmf-dist/tex/generic/ifxetex/ifxetex.sty
Package: ifxetex 2010/09/12 v0.6 Provides ifxetex conditional
)
\Gm@cnth=\count106
\Gm@cntv=\count107
\c@Gm@tempcnt=\count108
\Gm@bindingoffset=\dimen117
\Gm@wd@mp=\dimen118
\Gm@odd@mp=\dimen119
\Gm@even@mp=\dimen120
\Gm@layoutwidth=\dimen121
\Gm@layoutheight=\dimen122
\Gm@layouthoffset=\dimen123
\Gm@layoutvoffset=\dimen124
\Gm@dimlist=\toks25
) (./annexe.aux)
\openout1 = annexe.aux

LaTeX Font Info:    Checking defaults for OML/cmm/m/it on input line 16.
LaTeX Font Info:    ... okay on input line 16.
LaTeX Font Info:    Checking defaults for T1/cmr/m/n on input line 16.
LaTeX Font Info:    ... okay on input line 16.
LaTeX Font Info:    Checking defaults for OT1/cmr/m/n on input line 16.
LaTeX Font Info:    ... okay on input line 16.
LaTeX Font Info:    Checking defaults for OMS/cmsy/m/n on input line 16.
LaTeX Font Info:    ... okay on input line 16.
LaTeX Font Info:    Checking defaults for OMX/cmex/m/n on input line 16.
LaTeX Font Info:    ... okay on input line 16.
LaTeX Font Info:    Checking defaults for U/cmr/m/n on input line 16.
LaTeX Font Info:    ... okay on input line 16.
LaTeX Info: Redefining \dots on input line 16.
LaTeX Info: Redefining \up on input line 16.
Inserting `frenchb.french_punctuation' at position 1 in `kerning'.

Package frenchb.ldf Warning: Add \usepackage{fontspec} to the
(frenchb.ldf)                preamble of your document, on input line 16.

(/usr/share/texlive/texmf-dist/tex/context/base/supp-pdf.mkii
[Loading MPS to PDF converter (version 2006.09.02).]
\scratchcounter=\count109
\scratchdimen=\dimen125
\scratchbox=\box30
\nofMPsegments=\count110
\nofMParguments=\count111
\everyMPshowfont=\toks26
\MPscratchCnt=\count112
\MPscratchDim=\dimen126
\MPnumerator=\count113
\makeMPintoPDFobject=\count114
\everyMPtoPDFconversion=\toks27
) (/usr/share/texlive/texmf-dist/tex/generic/oberdiek/pdftexcmds.sty
Package: pdftexcmds 2011/11/29 v0.20 Utility functions of pdfTeX for LuaTeX (HO)

(/usr/share/texlive/texmf-dist/tex/generic/oberdiek/ifluatex.sty
Package: ifluatex 2010/03/01 v1.3 Provides the ifluatex switch (HO)
Package ifluatex Info: LuaTeX detected.
)
Package pdftexcmds Info: \pdf@primitive is available.
Package pdftexcmds Info: \pdf@ifprimitive is available.
Package pdftexcmds Info: \pdfdraftmode found.
(/usr/share/texlive/texmf-dist/tex/generic/oberdiek/luatex-loader.sty
Package: luatex-loader 2010/03/09 v0.4 Lua module loader (HO)
(/usr/share/texlive/texmf-dist/scripts/oberdiek/oberdiek.luatex.lua))
\pdftexcmds@toks=\toks28
) (/usr/share/texlive/texmf-dist/tex/latex/oberdiek/epstopdf-base.sty
Package: epstopdf-base 2010/02/09 v2.5 Base part for package epstopdf
(/usr/share/texlive/texmf-dist/tex/latex/oberdiek/grfext.sty
Package: grfext 2010/08/19 v1.1 Manage graphics extensions (HO)
(/usr/share/texlive/texmf-dist/tex/generic/oberdiek/kvdefinekeys.sty
Package: kvdefinekeys 2011/04/07 v1.3 Define keys (HO)
)) (/usr/share/texlive/texmf-dist/tex/latex/oberdiek/kvoptions.sty
Package: kvoptions 2011/06/30 v3.11 Key value format for package options (HO)
(/usr/share/texlive/texmf-dist/tex/generic/oberdiek/kvsetkeys.sty
Package: kvsetkeys 2012/04/25 v1.16 Key value parser (HO)
(/usr/share/texlive/texmf-dist/tex/generic/oberdiek/etexcmds.sty
Package: etexcmds 2011/02/16 v1.5 Avoid name clashes with e-TeX commands (HO)
)))
Package grfext Info: Graphics extension search list:
(grfext)             [.png,.pdf,.jpg,.mps,.tif,.jpeg,.PNG,.PDF,.JPG,.JPEG,.eps]
(grfext)             \AppendGraphicsExtensions on input line 452.
(/usr/share/texlive/texmf-dist/tex/latex/latexconfig/epstopdf-sys.cfg
File: epstopdf-sys.cfg 2010/07/13 v1.3 Configuration of (r)epstopdf for TeX Live

))
*geometry* driver: auto-detecting
*geometry* detected driver: pdftex
*geometry* verbose mode - [ preamble ] result:
* driver: pdftex
* paper: <default>
* layout: <same size as paper>
* layoutoffset:(h,v)=(0.0pt,0.0pt)
* modes: twoside 
* h-part:(L,W,R)=(71.13188pt, 472.03123pt, 71.13188pt)
* v-part:(T,H,B)=(42.67912pt, 709.61174pt, 42.67912pt)
* \paperwidth=614.295pt
* \paperheight=794.96999pt
* \textwidth=472.03123pt
* \textheight=709.61174pt
* \oddsidemargin=-1.1381pt
* \evensidemargin=-1.1381pt
* \topmargin=-59.65836pt
* \headheight=12.0pt
* \headsep=18.06749pt
* \topskip=10.0pt
* \footskip=25.29494pt
* \marginparwidth=125.0pt
* \marginparsep=7.0pt
* \columnsep=10.0pt
* \skip\footins=9.0pt plus 4.0pt minus 2.0pt
* \hoffset=0.0pt
* \voffset=0.0pt
* \mag=1000
* \@twocolumnfalse
* \@twosidetrue
* \@mparswitchtrue
* \@reversemarginfalse
* (1in=72.27pt=25.4mm, 1cm=28.453pt)

Annexe A.
LaTeX Font Info:    Try loading font information for U+msa on input line 22.
(/usr/share/texlive/texmf-dist/tex/latex/amsfonts/umsa.fd
File: umsa.fd 2013/01/14 v3.01 AMS symbols A
)
LaTeX Font Info:    Try loading font information for U+msb on input line 22.
(/usr/share/texlive/texmf-dist/tex/latex/amsfonts/umsb.fd
File: umsb.fd 2013/01/14 v3.01 AMS symbols B
)
LaTeX Font Info:    Try loading font information for U+dsrom on input line 44.
(/usr/share/texlive/texmf-dist/tex/latex/doublestroke/Udsrom.fd
File: Udsrom.fd 1995/08/01 v0.1 Double stroke roman font definitions
)
LaTeX Font Info:    Try loading font information for T1+cmtt on input line 48.
(/usr/share/texlive/texmf-dist/tex/latex/base/t1cmtt.fd
File: t1cmtt.fd 2014/09/29 v2.5h Standard LaTeX font definitions
) [1


{/var/lib/texmf/fonts/map/pdftex/updmap/pdftex.map}] [2

]
Annexe B.
[3] [4

]
Annexe C.
<V_fctrep.pdf, id=36, 505.89pt x 505.89pt>
File: V_fctrep.pdf Graphic file (type pdf)
<use V_fctrep.pdf>
Package pdftex.def Info: V_fctrep.pdf used on input line 75.
(pdftex.def)             Requested size: 354.12057pt x 354.12057pt.
<F_fctrep.pdf, id=37, 505.89pt x 505.89pt>
File: F_fctrep.pdf Graphic file (type pdf)
<use F_fctrep.pdf>
Package pdftex.def Info: F_fctrep.pdf used on input line 77.
(pdftex.def)             Requested size: 354.12057pt x 354.12057pt.

Underfull \vbox (badness 10000) has occurred while \output is active []

[5<./V_fctrep.pdf>] <SFC_fctrep.pdf, id=48, 505.89pt x 505.89pt>
File: SFC_fctrep.pdf Graphic file (type pdf)
<use SFC_fctrep.pdf>
Package pdftex.def Info: SFC_fctrep.pdf used on input line 79.
(pdftex.def)             Requested size: 354.12057pt x 354.12057pt.

Underfull \vbox (badness 10000) has occurred while \output is active []

[6<./F_fctrep.pdf>] <M_fctrep.pdf, id=59, 505.89pt x 505.89pt>
File: M_fctrep.pdf Graphic file (type pdf)
<use M_fctrep.pdf>
Package pdftex.def Info: M_fctrep.pdf used on input line 86.
(pdftex.def)             Requested size: 354.12057pt x 354.12057pt.
<boxplot.pdf, id=60, 505.89pt x 505.89pt>
File: boxplot.pdf Graphic file (type pdf)
<use boxplot.pdf>
Package pdftex.def Info: boxplot.pdf used on input line 87.
(pdftex.def)             Requested size: 354.12057pt x 354.12057pt.
<M_fctrep_bruit.pdf, id=61, 505.89pt x 505.89pt>
File: M_fctrep_bruit.pdf Graphic file (type pdf)
<use M_fctrep_bruit.pdf>
Package pdftex.def Info: M_fctrep_bruit.pdf used on input line 88.
(pdftex.def)             Requested size: 354.12057pt x 354.12057pt.

Underfull \vbox (badness 10000) has occurred while \output is active []

[7<./SFC_fctrep.pdf>]
Underfull \vbox (badness 10000) has occurred while \output is active []

[8<./M_fctrep.pdf><./boxplot.pdf>] [9<./M_fctrep_bruit.pdf>] [10

]
Annexe D.
[11] [12

]
Annexe E.
(./annexe.bbl [13] [14

]) [15] (./annexe.aux))

Here is how much of LuaTeX's memory you used:
 4659 strings out of 495004
 100000,154059 words of node,token memory allocated
 3538 words of node memory still in use:
   75 hlist, 15 vlist, 6 rule, 6 math, 45 glue, 83 kern, 1 penalty, 214 glyph, 1
32 attribute, 75 glue_spec, 66 attribute_list, 1 write nodes
   avail lists: 2:651,3:142,4:481,5:275,6:1182,7:20,9:365,10:98
 7894 multiletter control sequences out of 65536+600000
 70 fonts using 2761191 bytes
 38i,17n,30p,983b,257s stack positions out of 5000i,500n,10000p,200000b,100000s
{/usr/share/texmf/fonts/enc/dvips/cm-super/cm-super-t1.enc}<</usr/share/texlive/
texmf-dist/fonts/type1/public/amsfonts/cm/cmex10.pfb><</usr/share/texlive/texmf-
dist/fonts/type1/public/amsfonts/cm/cmmi10.pfb><</usr/share/texlive/texmf-dist/f
onts/type1/public/amsfonts/cm/cmmi12.pfb><</usr/share/texlive/texmf-dist/fonts/t
ype1/public/amsfonts/cm/cmmi5.pfb><</usr/share/texlive/texmf-dist/fonts/type1/pu
blic/amsfonts/cm/cmmi7.pfb><</usr/share/texlive/texmf-dist/fonts/type1/public/am
sfonts/cm/cmr10.pfb><</usr/share/texlive/texmf-dist/fonts/type1/public/amsfonts/
cm/cmr5.pfb><</usr/share/texlive/texmf-dist/fonts/type1/public/amsfonts/cm/cmr7.
pfb><</usr/share/texlive/texmf-dist/fonts/type1/public/amsfonts/cm/cmsy10.pfb><<
/usr/share/texlive/texmf-dist/fonts/type1/public/amsfonts/cm/cmsy5.pfb><</usr/sh
are/texlive/texmf-dist/fonts/type1/public/amsfonts/cm/cmsy7.pfb><</usr/share/tex
live/texmf-dist/fonts/type1/public/doublestroke/dsrom10.pfb><</usr/share/texlive
/texmf-dist/fonts/type1/public/amsfonts/symbols/msbm10.pfb><</usr/share/texlive/
texmf-dist/fonts/type1/public/amsfonts/symbols/msbm7.pfb><</usr/share/texmf/font
s/type1/public/cm-super/sfbx0700.pfb><</usr/share/texmf/fonts/type1/public/cm-su
per/sfbx1000.pfb><</usr/share/texmf/fonts/type1/public/cm-super/sfbx2074.pfb><</
usr/share/texmf/fonts/type1/public/cm-super/sfbx2488.pfb><</usr/share/texmf/font
s/type1/public/cm-super/sfcc1000.pfb><</usr/share/texmf/fonts/type1/public/cm-su
per/sfrm1000.pfb><</usr/share/texmf/fonts/type1/public/cm-super/sfsl1000.pfb><</
usr/share/texmf/fonts/type1/public/cm-super/sftt1000.pfb><</usr/share/texmf/font
s/type1/public/cm-super/sfxc2488.pfb>
Output written on annexe.pdf (15 pages, 313222 bytes).

PDF statistics: 194 PDF objects out of 1000 (max. 8388607)
 140 compressed objects within 2 object streams
 0 named destinations out of 1000 (max. 131072)
 1 words of extra memory for PDF output out of 10000 (max. 10000000)

